User max(8) logout at Wed, 07 Mar 2018 22:04:15 +0000: disconnected
User max(8) home at Wed, 07 Mar 2018 22:10:28 +0000: download/map.go
User max(8) home at Wed, 07 Mar 2018 22:10:37 +0000: download/map.go
User max(8) home at Wed, 07 Mar 2018 22:10:38 +0000: download/hello.txt
User max(8) home at Thu, 08 Mar 2018 20:42:38 +0000: download/giphy.mp4
User max(8) home at Thu, 08 Mar 2018 20:42:49 +0000: download/azertyuiop.png
User max(8) home at Thu, 08 Mar 2018 20:42:58 +0000: download/media.jpg
User max(8) home at Thu, 08 Mar 2018 20:45:34 +0000: download/media.jpg
User max(8) home at Thu, 08 Mar 2018 20:45:45 +0000: download/media.jpg
User max(8) home at Thu, 08 Mar 2018 20:47:37 +0000: download/Hotel.pdf
User max(8) home at Thu, 08 Mar 2018 21:04:36 +0000: download/hello.txt
User max(8) home at Thu, 08 Mar 2018 21:04:50 +0000: download/media.jpg
User max(8) home at Thu, 08 Mar 2018 21:18:09 +0000: download/media.jpg
User max(8) home at Thu, 08 Mar 2018 21:18:44 +0000: download/media.jpg
User max(8) home at Thu, 08 Mar 2018 21:18:53 +0000: download/hello.txt
User max(8) home at Thu, 08 Mar 2018 21:19:14 +0000: download/Hotel.pdf
User max(8) home at Thu, 08 Mar 2018 21:19:42 +0000: download/Hotel.pdf
User max(8) home at Thu, 08 Mar 2018 21:23:42 +0000: download/Hotel.pdf
User max(8) home at Thu, 08 Mar 2018 21:23:50 +0000: download/Hotel.pdf
User max(8) home at Thu, 08 Mar 2018 21:23:56 +0000: download/media.jpg
User max(8) home at Thu, 08 Mar 2018 21:28:16 +0000: download/media.jpg
User max(8) home at Thu, 08 Mar 2018 21:29:07 +0000: download/media.jpg
User max(8) home at Thu, 08 Mar 2018 21:29:14 +0000: download/hello.txt
User max(8) home at Thu, 08 Mar 2018 21:29:58 +0000: download/hello.txt
User max(8) home at Thu, 08 Mar 2018 21:32:51 +0000: download/hello.txt
User max(8) home at Thu, 08 Mar 2018 21:32:58 +0000: download/media.jpg
User max(8) home at Thu, 08 Mar 2018 21:36:34 +0000: download/hello.txt
User max(8) home at Thu, 08 Mar 2018 21:36:57 +0000: download/hello.txt
User max(8) home at Thu, 08 Mar 2018 21:37:09 +0000: download/hello.txt
User max(8) home at Thu, 08 Mar 2018 21:44:00 +0000: download/hello.txt
User max(8) home at Thu, 08 Mar 2018 21:45:51 +0000: download/hello.txt
User max(8) home at Thu, 08 Mar 2018 21:46:16 +0000: download/hello.txt
User max(8) home at Thu, 08 Mar 2018 21:48:53 +0000: download/hello.txt
User max(8) home at Thu, 08 Mar 2018 21:49:01 +0000: download/hello.txt
User max(8) home at Thu, 08 Mar 2018 21:49:33 +0000: download/hello.txt
User max(8) home at Thu, 08 Mar 2018 21:49:46 +0000: download/hello.txt
User max(8) home at Thu, 08 Mar 2018 21:52:13 +0000: download/hello.txt
User max(8) home at Thu, 08 Mar 2018 21:52:15 +0000: download/hello.txt
User max(8) home at Thu, 08 Mar 2018 21:52:52 +0000: download/hello.txt
User max(8) home at Thu, 08 Mar 2018 21:53:23 +0000: download/hello.txt
User max(8) home at Thu, 08 Mar 2018 21:53:44 +0000: download/hello.txt
User max(8) home at Thu, 08 Mar 2018 21:56:35 +0000: download/hello.txt
User max(8) home at Thu, 08 Mar 2018 21:56:50 +0000: download/hello.txt
User max(8) home at Thu, 08 Mar 2018 21:57:00 +0000: download/hello.txt
User max(8) home at Thu, 08 Mar 2018 21:57:01 +0000: download/hello.txt
User max(8) home at Thu, 08 Mar 2018 21:57:11 +0000: download/hello.txt
User max(8) home at Thu, 08 Mar 2018 21:57:30 +0000: download/hello.txt
User max(8) home at Thu, 08 Mar 2018 21:57:32 +0000: download/hello.txt
User max(8) home at Thu, 08 Mar 2018 21:58:13 +0000: download/hello.txt
User max(8) home at Thu, 08 Mar 2018 21:58:16 +0000: download/hello.txt
User max(8) home at Thu, 08 Mar 2018 21:58:29 +0000: download/hello.txt
User max(8) home at Thu, 08 Mar 2018 21:59:07 +0000: download/hello.txt
User max(8) home at Thu, 08 Mar 2018 21:59:12 +0000: download/hello.txt
User max(8) home at Thu, 08 Mar 2018 21:59:14 +0000: download/hello.txt
User max(8) home at Thu, 08 Mar 2018 21:59:33 +0000: download/hello.txt
User max(8) home at Thu, 08 Mar 2018 21:59:43 +0000: download/hello.txt
User max(8) home at Thu, 08 Mar 2018 22:00:11 +0000: download/hello.txt
User max(8) home at Thu, 08 Mar 2018 22:00:21 +0000: download/hello.txt
User max(8) home at Thu, 08 Mar 2018 22:01:46 +0000: download/hello.txt
User max(8) home at Thu, 08 Mar 2018 22:02:21 +0000: download/hello.txt
User max(8) home at Thu, 08 Mar 2018 22:03:07 +0000: download/hello.txt
User max(8) home at Thu, 08 Mar 2018 22:05:05 +0000: download/hello.txt
User max(8) home at Thu, 08 Mar 2018 22:05:07 +0000: download/hello.txt
User max(8) home at Thu, 08 Mar 2018 22:05:08 +0000: download/hello.txt
User max(8) home at Thu, 08 Mar 2018 22:05:08 +0000: download/hello.txt
User max(8) home at Thu, 08 Mar 2018 22:07:40 +0000: download/hello.txt
User max(8) home at Thu, 08 Mar 2018 22:07:54 +0000: download/hello.txt
User max(8) home at Thu, 08 Mar 2018 22:10:51 +0000: download/hello.txt
User max(8) home at Thu, 08 Mar 2018 22:10:52 +0000: download/hello.txt
User max(8) home at Thu, 08 Mar 2018 22:10:52 +0000: download/hello.txt
User max(8) home at Thu, 08 Mar 2018 22:10:53 +0000: download/hello.txt
User max(8) home at Thu, 08 Mar 2018 22:10:53 +0000: download/hello.txt
User max(8) home at Thu, 08 Mar 2018 22:11:04 +0000: download/hello.txt
User max(8) home at Thu, 08 Mar 2018 22:11:11 +0000: download/hello.txt
User max(8) home at Thu, 08 Mar 2018 22:12:19 +0000: download/hello.txt
User max(8) home at Thu, 08 Mar 2018 22:12:20 +0000: download/hello.txt
User max(8) home at Thu, 08 Mar 2018 22:12:20 +0000: download/hello.txt
User max(8) home at Thu, 08 Mar 2018 22:12:21 +0000: download/hello.txt
User max(8) home at Thu, 08 Mar 2018 22:12:31 +0000: download/hello.txt
User max(8) home at Thu, 08 Mar 2018 22:13:09 +0000: download/hello.txt
User max(8) home at Thu, 08 Mar 2018 22:13:27 +0000: download/hello.txt
User max(8) home at Thu, 08 Mar 2018 22:14:29 +0000: download/hello.txt
User max(8) home at Thu, 08 Mar 2018 22:14:41 +0000: download/hello.txt
User max(8) home at Thu, 08 Mar 2018 22:14:56 +0000: download/hello.txt
User max(8) home at Thu, 08 Mar 2018 22:20:04 +0000: download/hello.txt
User max(8) home at Thu, 08 Mar 2018 22:22:24 +0000: download/hello.txt
User max(8) home at Thu, 08 Mar 2018 22:22:26 +0000: download/hello.txt
User max(8) home at Thu, 08 Mar 2018 22:22:28 +0000: download/hello.txt
User max(8) home at Thu, 08 Mar 2018 22:22:30 +0000: download/hello.txt
User max(8) home at Thu, 08 Mar 2018 22:23:40 +0000: download/hello.txt
User max(8) home at Thu, 08 Mar 2018 22:27:54 +0000: download/hello.txt
User max(8) home at Thu, 08 Mar 2018 22:31:25 +0000: download/hello.txt
User max(8) home at Fri, 09 Mar 2018 09:06:20 +0000: download/hello.txt
User max(8) home at Fri, 09 Mar 2018 09:06:21 +0000: download/hello.txt
User max(8) home at Fri, 09 Mar 2018 09:06:22 +0000: download/hello.txt
User max(8) home at Fri, 09 Mar 2018 09:06:22 +0000: download/hello.txt
User max(8) home at Fri, 09 Mar 2018 09:06:23 +0000: download/hello.txt
User max(8) home at Fri, 09 Mar 2018 09:06:23 +0000: download/hello.txt
User max(8) home at Fri, 09 Mar 2018 09:06:24 +0000: download/hello.txt
User max(8) home at Fri, 09 Mar 2018 09:06:24 +0000: download/hello.txt
User max(8) home at Fri, 09 Mar 2018 09:06:24 +0000: download/hello.txt
User max(8) home at Fri, 09 Mar 2018 09:06:24 +0000: download/hello.txt
User max(8) home at Fri, 09 Mar 2018 09:06:24 +0000: download/hello.txt
User max(8) home at Fri, 09 Mar 2018 09:06:25 +0000: download/hello.txt
User max(8) home at Fri, 09 Mar 2018 09:06:25 +0000: download/hello.txt
User max(8) home at Fri, 09 Mar 2018 09:06:45 +0000: download/hello.txt
User max(8) home at Fri, 09 Mar 2018 09:09:37 +0000: download/hello.txt
